<?xml version="1.0" encoding="UTF-8"?>
<testng-results ignored="0" total="2" passed="2" failed="0" skipped="0">
  <reporter-output>
  </reporter-output>
  <suite started-at="2021-12-07T12:14:26 IST" name="Default suite" finished-at="2021-12-07T12:14:26 IST" duration-ms="113">
    <groups>
    </groups>
    <test started-at="2021-12-07T12:14:26 IST" name="Default test" finished-at="2021-12-07T12:14:26 IST" duration-ms="113">
      <class name="FirstPackage.BaseClass">
        <test-method is-config="true" signature="setUp()[pri:0, instance:FirstPackage.BaseClass@4d02f94e]" started-at="2021-12-07T12:14:26 IST" name="setUp" finished-at="2021-12-07T12:14:26 IST" duration-ms="18" status="PASS">
          <reporter-output>
          </reporter-output>
        </test-method> <!-- setUp -->
        <test-method is-config="true" signature="launchBrowser()[pri:0, instance:FirstPackage.BaseClass@4d02f94e]" started-at="2021-12-07T12:14:26 IST" name="launchBrowser" finished-at="2021-12-07T12:14:26 IST" duration-ms="1" status="PASS">
          <reporter-output>
          </reporter-output>
        </test-method> <!-- launchBrowser -->
        <test-method is-config="true" signature="login()[pri:0, instance:FirstPackage.BaseClass@4d02f94e]" started-at="2021-12-07T12:14:26 IST" name="login" finished-at="2021-12-07T12:14:26 IST" duration-ms="1" status="PASS">
          <reporter-output>
          </reporter-output>
        </test-method> <!-- login -->
        <test-method is-config="true" signature="enterURL()[pri:0, instance:FirstPackage.BaseClass@4d02f94e]" started-at="2021-12-07T12:14:26 IST" name="enterURL" finished-at="2021-12-07T12:14:26 IST" duration-ms="1" status="PASS">
          <reporter-output>
          </reporter-output>
        </test-method> <!-- enterURL -->
        <test-method signature="googleTitleTest()[pri:0, instance:FirstPackage.BaseClass@4d02f94e]" started-at="2021-12-07T12:14:26 IST" name="googleTitleTest" finished-at="2021-12-07T12:14:26 IST" duration-ms="9" status="PASS">
          <reporter-output>
          </reporter-output>
        </test-method> <!-- googleTitleTest -->
        <test-method is-config="true" signature="logOut()[pri:0, instance:FirstPackage.BaseClass@4d02f94e]" started-at="2021-12-07T12:14:26 IST" name="logOut" finished-at="2021-12-07T12:14:26 IST" duration-ms="2" status="PASS">
          <reporter-output>
          </reporter-output>
        </test-method> <!-- logOut -->
        <test-method is-config="true" signature="enterURL()[pri:0, instance:FirstPackage.BaseClass@4d02f94e]" started-at="2021-12-07T12:14:26 IST" name="enterURL" finished-at="2021-12-07T12:14:26 IST" duration-ms="0" status="PASS">
          <reporter-output>
          </reporter-output>
        </test-method> <!-- enterURL -->
        <test-method signature="searchTest()[pri:0, instance:FirstPackage.BaseClass@4d02f94e]" started-at="2021-12-07T12:14:26 IST" name="searchTest" finished-at="2021-12-07T12:14:26 IST" duration-ms="6" status="PASS">
          <reporter-output>
          </reporter-output>
        </test-method> <!-- searchTest -->
        <test-method is-config="true" signature="logOut()[pri:0, instance:FirstPackage.BaseClass@4d02f94e]" started-at="2021-12-07T12:14:26 IST" name="logOut" finished-at="2021-12-07T12:14:26 IST" duration-ms="1" status="PASS">
          <reporter-output>
          </reporter-output>
        </test-method> <!-- logOut -->
        <test-method is-config="true" signature="closeBrowser()[pri:0, instance:FirstPackage.BaseClass@4d02f94e]" started-at="2021-12-07T12:14:26 IST" name="closeBrowser" finished-at="2021-12-07T12:14:26 IST" duration-ms="3" status="PASS">
          <reporter-output>
          </reporter-output>
        </test-method> <!-- closeBrowser -->
        <test-method is-config="true" signature="deletAllCookies()[pri:0, instance:FirstPackage.BaseClass@4d02f94e]" started-at="2021-12-07T12:14:26 IST" name="deletAllCookies" finished-at="2021-12-07T12:14:26 IST" duration-ms="1" status="PASS">
          <reporter-output>
          </reporter-output>
        </test-method> <!-- deletAllCookies -->
        <test-method is-config="true" signature="generateTestReport()[pri:0, instance:FirstPackage.BaseClass@4d02f94e]" started-at="2021-12-07T12:14:26 IST" name="generateTestReport" finished-at="2021-12-07T12:14:26 IST" duration-ms="2" status="PASS">
          <reporter-output>
          </reporter-output>
        </test-method> <!-- generateTestReport -->
      </class> <!-- FirstPackage.BaseClass -->
    </test> <!-- Default test -->
  </suite> <!-- Default suite -->
</testng-results>
